<?xml version="1.0" encoding="UTF-8"?>
<!-- Generated by org.testng.reporters.JUnitReportReporter -->
<testsuite hostname="DESKTOP-V6S2GU6" failures="0" tests="50" name="tngPractice.TngPractice01" time="0.080" errors="0" timestamp="2024-04-14T18:08:12 CEST" skipped="0">
  <testcase classname="tngPractice.TngPractice01" name="test01" time="0.001"/>
  <testcase classname="tngPractice.TngPractice01" name="test01" time="0.002"/>
  <testcase classname="tngPractice.TngPractice01" name="test01" time="0.002"/>
  <testcase classname="tngPractice.TngPractice01" name="test01" time="0.002"/>
  <testcase classname="tngPractice.TngPractice01" name="test01" time="0.001"/>
  <testcase classname="tngPractice.TngPractice01" name="test01" time="0.001"/>
  <testcase classname="tngPractice.TngPractice01" name="test01" time="0.002"/>
  <testcase classname="tngPractice.TngPractice01" name="test01" time="0.001"/>
  <testcase classname="tngPractice.TngPractice01" name="test01" time="0.001"/>
  <testcase classname="tngPractice.TngPractice01" name="test01" time="0.001"/>
  <testcase classname="tngPractice.TngPractice01" name="test01" time="0.001"/>
  <testcase classname="tngPractice.TngPractice01" name="test01" time="0.004"/>
  <testcase classname="tngPractice.TngPractice01" name="test01" time="0.001"/>
  <testcase classname="tngPractice.TngPractice01" name="test01" time="0.001"/>
  <testcase classname="tngPractice.TngPractice01" name="test01" time="0.002"/>
  <testcase classname="tngPractice.TngPractice01" name="test01" time="0.000"/>
  <testcase classname="tngPractice.TngPractice01" name="test01" time="0.005"/>
  <testcase classname="tngPractice.TngPractice01" name="test01" time="0.001"/>
  <testcase classname="tngPractice.TngPractice01" name="test01" time="0.001"/>
  <testcase classname="tngPractice.TngPractice01" name="test01" time="0.001"/>
  <testcase classname="tngPractice.TngPractice01" name="test01" time="0.001"/>
  <testcase classname="tngPractice.TngPractice01" name="test01" time="0.001"/>
  <testcase classname="tngPractice.TngPractice01" name="test01" time="0.001"/>
  <testcase classname="tngPractice.TngPractice01" name="test01" time="0.001"/>
  <testcase classname="tngPractice.TngPractice01" name="test01" time="0.001"/>
  <testcase classname="tngPractice.TngPractice01" name="test01" time="0.002"/>
  <testcase classname="tngPractice.TngPractice01" name="test01" time="0.003"/>
  <testcase classname="tngPractice.TngPractice01" name="test01" time="0.002"/>
  <testcase classname="tngPractice.TngPractice01" name="test01" time="0.002"/>
  <testcase classname="tngPractice.TngPractice01" name="test01" time="0.001"/>
  <testcase classname="tngPractice.TngPractice01" name="test01" time="0.001"/>
  <testcase classname="tngPractice.TngPractice01" name="test01" time="0.001"/>
  <testcase classname="tngPractice.TngPractice01" name="test01" time="0.002"/>
  <testcase classname="tngPractice.TngPractice01" name="test01" time="0.003"/>
  <testcase classname="tngPractice.TngPractice01" name="test01" time="0.001"/>
  <testcase classname="tngPractice.TngPractice01" name="test01" time="0.001"/>
  <testcase classname="tngPractice.TngPractice01" name="test01" time="0.001"/>
  <testcase classname="tngPractice.TngPractice01" name="test01" time="0.001"/>
  <testcase classname="tngPractice.TngPractice01" name="test01" time="0.001"/>
  <testcase classname="tngPractice.TngPractice01" name="test01" time="0.002"/>
  <testcase classname="tngPractice.TngPractice01" name="test01" time="0.002"/>
  <testcase classname="tngPractice.TngPractice01" name="test01" time="0.001"/>
  <testcase classname="tngPractice.TngPractice01" name="test01" time="0.001"/>
  <testcase classname="tngPractice.TngPractice01" name="test01" time="0.001"/>
  <testcase classname="tngPractice.TngPractice01" name="test01" time="0.001"/>
  <testcase classname="tngPractice.TngPractice01" name="test01" time="0.002"/>
  <testcase classname="tngPractice.TngPractice01" name="test01" time="0.001"/>
  <testcase classname="tngPractice.TngPractice01" name="test01" time="0.001"/>
  <testcase classname="tngPractice.TngPractice01" name="test01" time="0.007"/>
  <testcase classname="tngPractice.TngPractice01" name="test01" time="0.003"/>
</testsuite> <!-- tngPractice.TngPractice01 -->
