<?xml version="1.0" encoding="UTF-8"?>
<!-- Generated by org.testng.reporters.JUnitReportReporter -->
<testsuite hostname="DESKTOP-V6S2GU6" failures="0" tests="1" name="tests.TestClass" time="5.682" errors="0" timestamp="2024-04-16T10:31:58 CEST" skipped="0">
  <testcase classname="tests.TestClass" name="orderTheBook" time="5.682"/>
</testsuite> <!-- tests.TestClass -->
